Python 3.9.4 (tags/v3.9.4:1f2e308, Apr  6 2021, 13:40:21) [MSC v.1928 64 bit (AMD64)] on win32
Type "help", "copyright", "credits" or "license()" for more information.
>>> 
= RESTART: C:\Users\admin0!\Desktop\JW\torch\5. Softmax Regression\5-5)Classify MNIST Data by Softmax Regression.py
next device will be used: cpu
Downloading http://yann.lecun.com/exdb/mnist/train-images-idx3-ubyte.gz
Downloading http://yann.lecun.com/exdb/mnist/train-images-idx3-ubyte.gz to MNIST_data/MNIST\raw\train-images-idx3-ubyte.gz
Failed to download (trying next):
HTTP Error 503: Service Unavailable

Downloading https://ossci-datasets.s3.amazonaws.com/mnist/train-images-idx3-ubyte.gz
Downloading https://ossci-datasets.s3.amazonaws.com/mnist/train-images-idx3-ubyte.gz to MNIST_data/MNIST\raw\train-images-idx3-ubyte.gz

0.0%
0.0%
0.0%
0.0%
0.1%
0.1%
0.1%
0.1%
0.1%
0.1%
0.1%
0.1%
0.1%
0.1%
0.2%
0.2%
0.2%
0.2%
0.2%
0.2%
0.2%
0.2%
0.2%
0.2%
0.3%
0.3%
0.3%
0.3%
0.3%
0.3%
0.3%
0.3%
0.3%
0.4%
0.4%
0.4%
0.4%
0.4%
0.4%
0.4%
0.4%
0.4%
0.4%
0.5%
0.5%
0.5%
0.5%
0.5%
0.5%
0.5%
0.5%
0.5%
0.5%
0.6%
0.6%
0.6%
0.6%
0.6%
0.6%
0.6%
0.6%
0.6%
0.7%
0.7%
0.7%
0.7%
0.7%
0.7%
0.7%
0.7%
0.7%
0.7%
0.8%
0.8%
0.8%
0.8%
0.8%
0.8%
0.8%
0.8%
0.8%
0.8%
0.9%
0.9%
0.9%
0.9%
0.9%
0.9%
0.9%
0.9%
0.9%
1.0%
1.0%
1.0%
1.0%
1.0%
1.0%
1.0%
1.0%
1.0%
1.0%
1.1%
1.1%
1.1%
1.1%
1.1%
1.1%
1.1%
1.1%
1.1%
1.1%
1.2%
1.2%
1.2%
1.2%
1.2%
1.2%
1.2%
1.2%
1.2%
1.2%
1.3%
1.3%
1.3%
1.3%
1.3%
1.3%
1.3%
1.3%
1.3%
1.4%
1.4%
1.4%
1.4%
1.4%
1.4%
1.4%
1.4%
1.4%
1.4%
1.5%
1.5%
1.5%
1.5%
1.5%
1.5%
1.5%
1.5%
1.5%
1.5%
1.6%
1.6%
1.6%
1.6%
1.6%
1.6%
1.6%
1.6%
1.6%
1.7%
1.7%
1.7%
1.7%
1.7%
1.7%
1.7%
1.7%
1.7%
1.7%
1.8%
1.8%
1.8%
1.8%
1.8%
1.8%
1.8%
1.8%
1.8%
1.8%
1.9%
1.9%
1.9%
1.9%
1.9%
1.9%
1.9%
1.9%
1.9%
2.0%
2.0%
2.0%
2.0%
2.0%
2.0%
2.0%
2.0%
2.0%
2.0%
2.1%
2.1%
2.1%
2.1%
2.1%
2.1%
2.1%
2.1%
2.1%
2.1%
2.2%
2.2%
2.2%
2.2%
2.2%
2.2%
2.2%
2.2%
2.2%
2.3%
2.3%
2.3%
2.3%
2.3%
2.3%
2.3%
2.3%
2.3%
2.3%
2.4%
2.4%
2.4%
2.4%
2.4%
2.4%
2.4%
2.4%
2.4%
2.4%
2.5%
2.5%
2.5%
2.5%
2.5%
2.5%
2.5%
2.5%
2.5%
2.6%
2.6%
2.6%
2.6%
2.6%
2.6%
2.6%
2.6%
2.6%
2.6%
2.7%
2.7%
2.7%
2.7%
2.7%
2.7%
2.7%
2.7%
2.7%
2.7%
2.8%
2.8%
2.8%
2.8%
2.8%
2.8%
2.8%
2.8%
2.8%
2.9%
2.9%
2.9%
2.9%
2.9%
2.9%
2.9%
2.9%
2.9%
2.9%
3.0%
3.0%
3.0%
3.0%
3.0%
3.0%
3.0%
3.0%
3.0%
3.0%
3.1%
3.1%
3.1%
3.1%
3.1%
3.1%
3.1%
3.1%
3.1%
3.2%
3.2%
3.2%
3.2%
3.2%
3.2%
3.2%
3.2%
3.2%
3.2%
3.3%
3.3%
3.3%
3.3%
3.3%
3.3%
3.3%
3.3%
3.3%
3.3%
3.4%
3.4%
3.4%
3.4%
3.4%
3.4%
3.4%
3.4%
3.4%
3.5%
3.5%
3.5%
3.5%
3.5%
3.5%
3.5%
3.5%
3.5%
3.5%
3.6%
3.6%
3.6%
3.6%
3.6%
3.6%
3.6%
3.6%
3.6%
3.6%
3.7%
3.7%
3.7%
3.7%
3.7%
3.7%
3.7%
3.7%
3.7%
3.7%
3.8%
3.8%
3.8%
3.8%
3.8%
3.8%
3.8%
3.8%
3.8%
3.9%
3.9%
3.9%
3.9%
3.9%
3.9%
3.9%
3.9%
3.9%
3.9%
4.0%
4.0%
4.0%
4.0%
4.0%
4.0%
4.0%
4.0%
4.0%
4.0%
4.1%
4.1%
4.1%
4.1%
4.1%
4.1%
4.1%
4.1%
4.1%
4.2%
4.2%
4.2%
4.2%
4.2%
4.2%
4.2%
4.2%
4.2%
4.2%
4.3%
4.3%
4.3%
4.3%
4.3%
4.3%
4.3%
4.3%
4.3%
4.3%
4.4%
4.4%
4.4%
4.4%
4.4%
4.4%
4.4%
4.4%
4.4%
4.5%
4.5%
4.5%
4.5%
4.5%
4.5%
4.5%
4.5%
4.5%
4.5%
4.6%
4.6%
4.6%
4.6%
4.6%
4.6%
4.6%
4.6%
4.6%
4.6%
4.7%
4.7%
4.7%
4.7%
4.7%
4.7%
4.7%
4.7%
4.7%
4.8%
4.8%
4.8%
4.8%
4.8%
4.8%
4.8%
4.8%
4.8%
4.8%
4.9%
4.9%
4.9%
4.9%
4.9%
4.9%
4.9%
4.9%
4.9%
4.9%
5.0%
5.0%
5.0%
5.0%
5.0%
5.0%
5.0%
5.0%
5.0%
5.1%
5.1%
5.1%
5.1%
5.1%
5.1%
5.1%
5.1%
5.1%
5.1%
5.2%
5.2%
5.2%
5.2%
5.2%
5.2%
5.2%
5.2%
5.2%
5.2%
5.3%
5.3%
5.3%
5.3%
5.3%
5.3%
5.3%
5.3%
5.3%
5.4%
5.4%
5.4%
5.4%
5.4%
5.4%
5.4%
5.4%
5.4%
5.4%
5.5%
5.5%
5.5%
5.5%
5.5%
5.5%
5.5%
5.5%
5.5%
5.5%
5.6%
5.6%
5.6%
5.6%
5.6%
5.6%
5.6%
5.6%
5.6%
5.7%
5.7%
5.7%
5.7%
5.7%
5.7%
5.7%
5.7%
5.7%
5.7%
5.8%
5.8%
5.8%
5.8%
5.8%
5.8%
5.8%
5.8%
5.8%
5.8%
5.9%
5.9%
5.9%
5.9%
5.9%
5.9%
5.9%
5.9%
5.9%
6.0%
6.0%
6.0%
6.0%
6.0%
6.0%
6.0%
6.0%
6.0%
6.0%
6.1%
6.1%
6.1%
6.1%
6.1%
6.1%
6.1%
6.1%
6.1%
6.1%
6.2%
6.2%
6.2%
6.2%
6.2%
6.2%
6.2%
6.2%
6.2%
6.2%
6.3%
6.3%
6.3%
6.3%
6.3%
6.3%
6.3%
6.3%
6.3%
6.4%
6.4%
6.4%
6.4%
6.4%
6.4%
6.4%
6.4%
6.4%
6.4%
6.5%
6.5%
6.5%
6.5%
6.5%
6.5%
6.5%
6.5%
6.5%
6.5%
6.6%
6.6%
6.6%
6.6%
6.6%
6.6%
6.6%
6.6%
6.6%
6.7%
6.7%
6.7%
6.7%
6.7%
6.7%
6.7%
6.7%
6.7%
6.7%
6.8%
6.8%
6.8%
6.8%
6.8%
6.8%
6.8%
6.8%
6.8%
6.8%
6.9%
6.9%
6.9%
6.9%
6.9%
6.9%
6.9%
6.9%
6.9%
7.0%
7.0%
7.0%
7.0%
7.0%
7.0%
7.0%
7.0%
7.0%
7.0%
7.1%
7.1%
7.1%
7.1%
7.1%
7.1%
7.1%
7.1%
7.1%
7.1%
7.2%
7.2%
7.2%
7.2%
7.2%
7.2%
7.2%
7.2%
7.2%
7.3%
7.3%
7.3%
7.3%
7.3%
7.3%
7.3%
7.3%
7.3%
7.3%
7.4%
7.4%
7.4%
7.4%
7.4%
7.4%
7.4%
7.4%
7.4%
7.4%
7.5%
7.5%
7.5%
7.5%
7.5%
7.5%
7.5%
7.5%
7.5%
7.6%
7.6%
7.6%
7.6%
7.6%
7.6%
7.6%
7.6%
7.6%
7.6%
7.7%
7.7%
7.7%
7.7%
7.7%
7.7%
7.7%
7.7%
7.7%
7.7%
7.8%
7.8%
7.8%
7.8%
7.8%
7.8%
7.8%
7.8%
7.8%
7.9%
7.9%
7.9%
7.9%
7.9%
7.9%
7.9%
7.9%
7.9%
7.9%
8.0%
8.0%
8.0%
8.0%
8.0%
8.0%
8.0%
8.0%
8.0%
8.0%
8.1%
8.1%
8.1%
8.1%
8.1%
8.1%
8.1%
8.1%
8.1%
8.2%
8.2%
8.2%
8.2%
8.2%
8.2%
8.2%
8.2%
8.2%
8.2%
8.3%
8.3%
8.3%
8.3%
8.3%
8.3%
8.3%
8.3%
8.3%
8.3%
8.4%
8.4%
8.4%
8.4%
8.4%
8.4%
8.4%
8.4%
8.4%
8.5%
8.5%
8.5%
8.5%
8.5%
8.5%
8.5%
8.5%
8.5%
8.5%
8.6%
8.6%
8.6%
8.6%
8.6%
8.6%
8.6%
8.6%
8.6%
8.6%
8.7%
8.7%
8.7%
8.7%
8.7%
8.7%
8.7%
8.7%
8.7%
8.7%
8.8%
8.8%
8.8%
8.8%
8.8%
8.8%
8.8%
8.8%
8.8%
8.9%
8.9%
8.9%
8.9%
8.9%
8.9%
8.9%
8.9%
8.9%
8.9%
9.0%
9.0%
9.0%
9.0%
9.0%
9.0%
9.0%
9.0%
9.0%
9.0%
9.1%
9.1%
9.1%
9.1%
9.1%
9.1%
9.1%
9.1%
9.1%
9.2%
9.2%
9.2%
9.2%
9.2%
9.2%
9.2%
9.2%
9.2%
9.2%
9.3%
9.3%
9.3%
9.3%
9.3%
9.3%
9.3%
9.3%
9.3%
9.3%
9.4%
9.4%
9.4%
9.4%
9.4%
9.4%
9.4%
9.4%
9.4%
9.5%
9.5%
9.5%
9.5%
9.5%
9.5%
9.5%
9.5%
9.5%
9.5%
9.6%
9.6%
9.6%
9.6%
9.6%
9.6%
9.6%
9.6%
9.6%
9.6%
9.7%
9.7%
9.7%
9.7%
9.7%
9.7%
9.7%
9.7%
9.7%
9.8%
9.8%
9.8%
9.8%
9.8%
9.8%
9.8%
9.8%
9.8%
9.8%
9.9%
9.9%
9.9%
9.9%
9.9%
9.9%
9.9%
9.9%
9.9%
9.9%
10.0%
10.0%
10.0%
10.0%
10.0%
10.0%
10.0%
10.0%
10.0%
10.1%
10.1%
10.1%
10.1%
10.1%
10.1%
10.1%
10.1%
10.1%
10.1%
10.2%
10.2%
10.2%
10.2%
10.2%
10.2%
10.2%
10.2%
10.2%
10.2%
10.3%
10.3%
10.3%
10.3%
10.3%
10.3%
10.3%
10.3%
10.3%
10.4%
10.4%
10.4%
10.4%
10.4%
10.4%
10.4%
10.4%
10.4%
10.4%
10.5%
10.5%
10.5%
10.5%
10.5%
10.5%
10.5%
10.5%
10.5%
10.5%
10.6%
10.6%
10.6%
10.6%
10.6%
10.6%
10.6%
10.6%
10.6%
10.7%
10.7%
10.7%
10.7%
10.7%
10.7%
10.7%
10.7%
10.7%
10.7%
10.8%
10.8%
10.8%
10.8%
10.8%
10.8%
10.8%
10.8%
10.8%
10.8%
10.9%
10.9%
10.9%
10.9%
10.9%
10.9%
10.9%
10.9%
10.9%
11.0%
11.0%
11.0%
11.0%
11.0%
11.0%
11.0%
11.0%
11.0%
11.0%
Failed download. Trying https -> http instead. Downloading http://ossci-datasets.s3.amazonaws.com/mnist/train-images-idx3-ubyte.gz to MNIST_data/MNIST\raw\train-images-idx3-ubyte.gz

0.0%
0.0%
0.0%
0.0%
0.1%
0.1%
0.1%
0.1%
0.1%
0.1%
0.1%
0.1%
0.1%
0.1%
0.2%
0.2%
0.2%
0.2%
0.2%
0.2%
0.2%
0.2%
0.2%
0.2%
0.3%
0.3%
0.3%
0.3%
0.3%
0.3%
0.3%
0.3%
0.3%
0.4%
0.4%
0.4%
0.4%
0.4%
0.4%
0.4%
0.4%
0.4%
0.4%
0.5%
0.5%
0.5%
0.5%
0.5%
0.5%
0.5%
0.5%
0.5%
0.5%
0.6%
0.6%
0.6%
0.6%
0.6%
0.6%
0.6%
0.6%
0.6%
0.7%
0.7%
0.7%
0.7%
0.7%
0.7%
0.7%
0.7%
0.7%
0.7%
0.8%
0.8%
0.8%
0.8%
0.8%
0.8%
0.8%
0.8%
0.8%
0.8%
0.9%
0.9%
0.9%
0.9%
0.9%
0.9%
0.9%
0.9%
0.9%
1.0%
1.0%
1.0%
1.0%
1.0%
1.0%
1.0%
1.0%
1.0%
1.0%
1.1%
1.1%
1.1%
1.1%
1.1%
1.1%
1.1%
1.1%
1.1%
1.1%
1.2%
1.2%
1.2%
1.2%
1.2%
1.2%
1.2%
1.2%
1.2%
1.2%
1.3%
1.3%
1.3%
1.3%
1.3%
1.3%
1.3%
1.3%
1.3%
1.4%
1.4%
1.4%
1.4%
1.4%
1.4%
1.4%
1.4%
1.4%
1.4%
1.5%
1.5%
1.5%
1.5%
1.5%
1.5%
1.5%
1.5%
1.5%
1.5%
1.6%
1.6%
1.6%
1.6%
1.6%
1.6%
1.6%
1.6%
1.6%
1.7%
1.7%
1.7%
1.7%
1.7%
1.7%
1.7%
1.7%
1.7%
1.7%
1.8%
1.8%
1.8%
1.8%
1.8%
1.8%
1.8%
1.8%
1.8%
1.8%
1.9%
1.9%
1.9%
1.9%
1.9%
1.9%
1.9%
1.9%
1.9%
2.0%
2.0%
2.0%
2.0%
2.0%
2.0%
2.0%
2.0%
2.0%
2.0%
2.1%
2.1%
2.1%
2.1%
2.1%
2.1%
2.1%
2.1%
2.1%
2.1%
2.2%
2.2%
2.2%
2.2%
2.2%
2.2%
2.2%
2.2%
2.2%
2.3%
2.3%
2.3%
2.3%
2.3%
2.3%
2.3%
2.3%
2.3%
2.3%
2.4%
2.4%
2.4%
2.4%
2.4%
2.4%
2.4%
2.4%
2.4%
2.4%
2.5%
2.5%
2.5%
2.5%
2.5%
2.5%
2.5%
2.5%
2.5%
2.6%
2.6%
2.6%
2.6%
2.6%
2.6%
2.6%
2.6%
2.6%
2.6%
2.7%
2.7%
2.7%
2.7%
2.7%
2.7%
2.7%
2.7%
2.7%
2.7%
2.8%
2.8%
2.8%
2.8%
2.8%
2.8%
2.8%
2.8%
2.8%
2.9%
2.9%
2.9%
2.9%
2.9%
2.9%
2.9%
2.9%
2.9%
2.9%
3.0%
3.0%
3.0%
3.0%
3.0%
3.0%
3.0%
3.0%
3.0%
3.0%
3.1%
3.1%
3.1%
3.1%
3.1%
3.1%
3.1%
3.1%
3.1%
3.2%
3.2%
3.2%
3.2%
3.2%
3.2%
3.2%
3.2%
3.2%
3.2%
3.3%
3.3%
3.3%
3.3%
3.3%
3.3%
3.3%
3.3%
3.3%
3.3%
3.4%
3.4%
3.4%
3.4%
3.4%
3.4%
3.4%
3.4%
3.4%
3.5%
3.5%
3.5%
3.5%
3.5%
3.5%
3.5%
3.5%
3.5%
3.5%
3.6%
3.6%
3.6%
3.6%
3.6%
3.6%
3.6%
3.6%
3.6%
3.6%
3.7%
3.7%
3.7%
3.7%
3.7%
3.7%
3.7%
3.7%
3.7%
3.7%
3.8%
3.8%
3.8%
3.8%
3.8%
3.8%
3.8%
3.8%
3.8%
3.9%
3.9%
3.9%
3.9%
3.9%
3.9%
3.9%
3.9%
3.9%
3.9%
4.0%
4.0%
4.0%
4.0%
4.0%
4.0%
4.0%
4.0%
4.0%
4.0%
4.1%
4.1%
4.1%
4.1%
4.1%
4.1%
4.1%
4.1%
4.1%
4.2%
4.2%
4.2%
4.2%
4.2%
4.2%
4.2%
4.2%
4.2%
4.2%
4.3%
4.3%
4.3%
4.3%
4.3%
4.3%
4.3%
4.3%
4.3%
4.3%
4.4%
4.4%
4.4%
4.4%
4.4%
4.4%
4.4%
4.4%
4.4%
4.5%
4.5%
4.5%
4.5%
4.5%
4.5%
4.5%
4.5%
4.5%
4.5%
4.6%
4.6%
4.6%
4.6%
4.6%
4.6%
4.6%
4.6%
4.6%
4.6%
4.7%
4.7%
4.7%
4.7%
4.7%
4.7%
4.7%
4.7%
4.7%
4.8%
4.8%
4.8%
4.8%
4.8%
4.8%
4.8%
4.8%
4.8%
4.8%
4.9%
4.9%
4.9%
4.9%
4.9%
4.9%
4.9%
4.9%
4.9%
4.9%
5.0%
5.0%
5.0%
5.0%
5.0%
5.0%
5.0%
5.0%
5.0%
5.1%
5.1%
5.1%
5.1%
5.1%
5.1%
5.1%
5.1%
5.1%
5.1%
5.2%
5.2%
5.2%
5.2%
5.2%
5.2%
5.2%
5.2%
5.2%
5.2%
5.3%
5.3%
5.3%
5.3%
5.3%
5.3%
5.3%
5.3%
5.3%
5.4%
5.4%
5.4%
5.4%
5.4%
5.4%
5.4%
5.4%
5.4%
5.4%
5.5%
5.5%
5.5%
5.5%
5.5%
5.5%
5.5%
5.5%
5.5%
5.5%
5.6%
5.6%
5.6%
5.6%
5.6%
5.6%
5.6%
5.6%
5.6%
5.7%
5.7%
5.7%
5.7%
5.7%
5.7%
5.7%
5.7%
5.7%
5.7%
5.8%
5.8%
5.8%
5.8%
5.8%
5.8%
5.8%
5.8%
5.8%
5.8%
5.9%
5.9%
5.9%
5.9%
5.9%
5.9%
5.9%
5.9%
5.9%
6.0%
6.0%
6.0%
6.0%
6.0%
6.0%
6.0%
6.0%
6.0%
6.0%
6.1%
6.1%
6.1%
6.1%
6.1%
6.1%
6.1%
6.1%
6.1%
6.1%
6.2%
6.2%
6.2%
6.2%
6.2%
6.2%
6.2%
6.2%
6.2%
6.2%
6.3%
6.3%
6.3%
6.3%
6.3%
6.3%
6.3%
6.3%
6.3%
6.4%
6.4%
6.4%
6.4%
6.4%
6.4%
6.4%
6.4%
6.4%
6.4%
6.5%
6.5%
6.5%
6.5%
6.5%
6.5%
6.5%
6.5%
6.5%
6.5%
6.6%
6.6%
6.6%
6.6%
6.6%
6.6%
6.6%
6.6%
6.6%
6.7%
6.7%
6.7%
6.7%
6.7%
6.7%
6.7%
6.7%
6.7%
6.7%
6.8%
6.8%
6.8%
6.8%
6.8%
6.8%
6.8%
6.8%
6.8%
6.8%
6.9%
6.9%
6.9%
6.9%
6.9%
6.9%
6.9%
6.9%
6.9%
7.0%
7.0%
7.0%
7.0%
7.0%
7.0%
7.0%
7.0%
7.0%
7.0%
7.1%
7.1%
7.1%
7.1%
7.1%
7.1%
7.1%
7.1%
7.1%
7.1%
7.2%
7.2%
7.2%
7.2%
7.2%
7.2%
7.2%
7.2%
7.2%
7.3%
7.3%
7.3%
7.3%
7.3%
7.3%
7.3%
7.3%
7.3%
7.3%
7.4%
7.4%
7.4%
7.4%
7.4%
7.4%
7.4%
7.4%
7.4%
7.4%
7.5%
7.5%
7.5%
7.5%
7.5%
7.5%
7.5%
7.5%
7.5%
7.6%
7.6%
7.6%
7.6%
7.6%
7.6%
7.6%
7.6%
7.6%
7.6%
7.7%
7.7%
7.7%
7.7%
7.7%
7.7%
7.7%
7.7%
7.7%
7.7%
7.8%
7.8%
7.8%
7.8%
7.8%
7.8%
7.8%
7.8%
7.8%
7.9%
7.9%
7.9%
7.9%
7.9%
7.9%
7.9%
7.9%
7.9%
7.9%
8.0%
8.0%
8.0%
8.0%
8.0%
8.0%
8.0%
8.0%
8.0%
8.0%
8.1%
8.1%
8.1%
8.1%
8.1%
8.1%
8.1%
8.1%
8.1%
8.2%
8.2%
8.2%
8.2%
8.2%
8.2%
8.2%
8.2%
8.2%
8.2%
8.3%
8.3%
8.3%
8.3%
8.3%
8.3%
8.3%
8.3%
8.3%
8.3%
8.4%
8.4%
8.4%
8.4%
8.4%
8.4%
8.4%
8.4%
8.4%
8.5%
8.5%
8.5%
8.5%
8.5%
8.5%
8.5%
8.5%
8.5%
8.5%
8.6%
8.6%
8.6%
8.6%
8.6%
8.6%
8.6%
8.6%
8.6%
8.6%
8.7%
8.7%
8.7%
8.7%
8.7%
8.7%
8.7%
8.7%
8.7%
8.7%
8.8%
8.8%
8.8%
8.8%
8.8%
8.8%
8.8%
8.8%
8.8%
8.9%
8.9%
8.9%
8.9%
8.9%
8.9%
8.9%
8.9%
8.9%
8.9%
9.0%
9.0%
9.0%
9.0%
9.0%
9.0%
9.0%
9.0%
9.0%
9.0%
9.1%
9.1%
9.1%
9.1%
9.1%
9.1%
9.1%
9.1%
9.1%
9.2%
9.2%
9.2%
9.2%
9.2%
9.2%
9.2%
9.2%
9.2%
9.2%
9.3%
9.3%
9.3%
9.3%
9.3%
9.3%
9.3%
9.3%
9.3%
9.3%
9.4%
9.4%
9.4%
9.4%
9.4%
9.4%
9.4%
9.4%
9.4%
9.5%
9.5%
9.5%
9.5%
9.5%
9.5%
9.5%
9.5%
9.5%
9.5%
9.6%
9.6%
9.6%
9.6%
9.6%
9.6%
9.6%
9.6%
9.6%
9.6%
9.7%
9.7%
9.7%
9.7%
9.7%
9.7%
9.7%
9.7%
9.7%
9.8%
9.8%
9.8%
9.8%
9.8%
9.8%
9.8%
9.8%
9.8%
9.8%
9.9%
9.9%
9.9%
9.9%
9.9%
9.9%
9.9%
9.9%
9.9%
9.9%
10.0%
10.0%
10.0%
10.0%
10.0%
10.0%
10.0%
10.0%
10.0%
10.1%
10.1%
10.1%
10.1%
10.1%
10.1%
10.1%
10.1%
10.1%
10.1%
10.2%
10.2%
10.2%
10.2%
10.2%
10.2%
10.2%
10.2%
10.2%
10.2%
10.3%
10.3%
10.3%
10.3%
10.3%
10.3%
10.3%
10.3%
10.3%
10.4%
10.4%
10.4%
10.4%
10.4%
10.4%

Traceback (most recent call last):
  File "C:\Users\admin0!\AppData\Local\Programs\Python\Python39\lib\site-packages\torchvision\datasets\utils.py", line 134, in download_url
    _urlretrieve(url, fpath)
  File "C:\Users\admin0!\AppData\Local\Programs\Python\Python39\lib\site-packages\torchvision\datasets\utils.py", line 31, in _urlretrieve
    for chunk in iter(lambda: response.read(chunk_size), ""):
  File "C:\Users\admin0!\AppData\Local\Programs\Python\Python39\lib\site-packages\torchvision\datasets\utils.py", line 31, in <lambda>
    for chunk in iter(lambda: response.read(chunk_size), ""):
  File "C:\Users\admin0!\AppData\Local\Programs\Python\Python39\lib\http\client.py", line 455, in read
    n = self.readinto(b)
  File "C:\Users\admin0!\AppData\Local\Programs\Python\Python39\lib\http\client.py", line 499, in readinto
    n = self.fp.readinto(b)
  File "C:\Users\admin0!\AppData\Local\Programs\Python\Python39\lib\socket.py", line 704, in readinto
    return self._sock.recv_into(b)
  File "C:\Users\admin0!\AppData\Local\Programs\Python\Python39\lib\ssl.py", line 1241, in recv_into
    return self.read(nbytes, buffer)
  File "C:\Users\admin0!\AppData\Local\Programs\Python\Python39\lib\ssl.py", line 1099, in read
    return self._sslobj.read(len, buffer)
ConnectionResetError: [WinError 10054] 현재 연결은 원격 호스트에 의해 강제로 끊겼습니다

During handling of the above exception, another exception occurred:

Traceback (most recent call last):
  File "C:\Users\admin0!\Desktop\JW\torch\5. Softmax Regression\5-5)Classify MNIST Data by Softmax Regression.py", line 22, in <module>
    mnist_train=dsets.MNIST(root='MNIST_data/',#data download location
  File "C:\Users\admin0!\AppData\Local\Programs\Python\Python39\lib\site-packages\torchvision\datasets\mnist.py", line 85, in __init__
    self.download()
  File "C:\Users\admin0!\AppData\Local\Programs\Python\Python39\lib\site-packages\torchvision\datasets\mnist.py", line 155, in download
    download_and_extract_archive(
  File "C:\Users\admin0!\AppData\Local\Programs\Python\Python39\lib\site-packages\torchvision\datasets\utils.py", line 316, in download_and_extract_archive
    download_url(url, download_root, filename, md5)
  File "C:\Users\admin0!\AppData\Local\Programs\Python\Python39\lib\site-packages\torchvision\datasets\utils.py", line 140, in download_url
    _urlretrieve(url, fpath)
  File "C:\Users\admin0!\AppData\Local\Programs\Python\Python39\lib\site-packages\torchvision\datasets\utils.py", line 31, in _urlretrieve
    for chunk in iter(lambda: response.read(chunk_size), ""):
  File "C:\Users\admin0!\AppData\Local\Programs\Python\Python39\lib\site-packages\torchvision\datasets\utils.py", line 31, in <lambda>
    for chunk in iter(lambda: response.read(chunk_size), ""):
  File "C:\Users\admin0!\AppData\Local\Programs\Python\Python39\lib\http\client.py", line 455, in read
    n = self.readinto(b)
  File "C:\Users\admin0!\AppData\Local\Programs\Python\Python39\lib\http\client.py", line 499, in readinto
    n = self.fp.readinto(b)
  File "C:\Users\admin0!\AppData\Local\Programs\Python\Python39\lib\socket.py", line 704, in readinto
    return self._sock.recv_into(b)
ConnectionResetError: [WinError 10054] 현재 연결은 원격 호스트에 의해 강제로 끊겼습니다
>>> 